<?xml version="1.0" encoding="UTF-8"?>
<robot generator="Robot 7.4.2 (Python 3.12.6 on win32)" generated="2026-08-16T12:51:36.927106" rpa="false" schemaversion="5">
<suite id="s1" name="Crm" source="E:\Neel\Robot Framework Testing\Robot Scripts\crm\Tests\crm.robot">
<test id="s1-t1" name="Should be able to add new customer" line="13">
<kw name="Set Selenium Speed" owner="SeleniumLibrary">
<arg>1.2s</arg>
<doc>Sets the delay that is waited after each Selenium command.</doc>
<status status="PASS" start="2026-08-16T12:51:37.708376" elapsed="0.000000"/>
</kw>
<kw name="Set Selenium Timeout" owner="SeleniumLibrary">
<arg>10s</arg>
<doc>Sets the timeout that is used by various keywords.</doc>
<status status="PASS" start="2026-08-16T12:51:37.709376" elapsed="0.000000"/>
</kw>
<kw name="Log" owner="BuiltIn">
<msg time="2026-08-16T12:51:37.709376" level="INFO">Starting the test case!</msg>
<arg>Starting the test case!</arg>
<doc>Logs the given message with the given level.</doc>
<status status="PASS" start="2026-08-16T12:51:37.709376" elapsed="0.000000"/>
</kw>
<kw name="Open Browser" owner="SeleniumLibrary">
<msg time="2026-08-16T12:51:37.710375" level="INFO">Opening browser 'edge' to base url 'https://automationplayground.com/crm/'.</msg>
<arg>https://automationplayground.com/crm/</arg>
<arg>edge</arg>
<doc>Opens a new browser instance to the optional ``url``.</doc>
<status status="PASS" start="2026-08-16T12:51:37.710375" elapsed="5.366560"/>
</kw>
<kw name="Set Window Position" owner="SeleniumLibrary">
<arg>x=341</arg>
<arg>y=169</arg>
<doc>Sets window position using ``x`` and ``y`` coordinates.</doc>
<status status="PASS" start="2026-08-16T12:51:43.076935" elapsed="1.241842"/>
</kw>
<kw name="Set Window Size" owner="SeleniumLibrary">
<arg>width=1002</arg>
<arg>height=1090</arg>
<doc>Sets current windows size to given ``width`` and ``height``.</doc>
<status status="PASS" start="2026-08-16T12:51:44.318777" elapsed="1.601331"/>
</kw>
<kw name="Sleep" owner="BuiltIn">
<msg time="2026-08-16T12:51:48.920639" level="INFO">Slept 3 seconds.</msg>
<arg>3s</arg>
<doc>Pauses the test executed for the given time.</doc>
<status status="PASS" start="2026-08-16T12:51:45.920108" elapsed="3.000531"/>
</kw>
<kw name="Close Browser" owner="SeleniumLibrary">
<doc>Closes the current browser.</doc>
<status status="PASS" start="2026-08-16T12:51:48.920639" elapsed="3.444944"/>
</kw>
<doc>This is some basic info about the test</doc>
<tag>1006</tag>
<tag>Contacts</tag>
<tag>smoke</tag>
<status status="PASS" start="2026-08-16T12:51:37.707381" elapsed="14.659065"/>
</test>
<doc>This is some basic info about SUITE</doc>
<status status="PASS" start="2026-08-16T12:51:36.931091" elapsed="15.437357"/>
</suite>
<statistics>
<total>
<stat pass="1" fail="0" skip="0">All Tests</stat>
</total>
<tag>
<stat pass="1" fail="0" skip="0">1006</stat>
<stat pass="1" fail="0" skip="0">Contacts</stat>
<stat pass="1" fail="0" skip="0">smoke</stat>
</tag>
<suite>
<stat name="Crm" id="s1" pass="1" fail="0" skip="0">Crm</stat>
</suite>
</statistics>
<errors>
</errors>
</robot>
